e:\c语言\程序\sdada\每日一题\每日一题\debug\vc120.pdb
e:\c语言\程序\sdada\每日一题\每日一题\debug\vc120.idb
e:\c语言\程序\sdada\每日一题\每日一题\debug\day10.obj
e:\c语言\程序\sdada\每日一题\每日一题\debug\day11.obj
e:\c语言\程序\sdada\每日一题\每日一题\debug\day3.obj
e:\c语言\程序\sdada\每日一题\每日一题\debug\day1.obj
e:\c语言\程序\sdada\每日一题\每日一题\debug\day2.obj
e:\c语言\程序\sdada\每日一题\每日一题\debug\day4.obj
e:\c语言\程序\sdada\每日一题\每日一题\debug\day5.obj
e:\c语言\程序\sdada\每日一题\每日一题\debug\day6.obj
e:\c语言\程序\sdada\每日一题\每日一题\debug\day7.obj
e:\c语言\程序\sdada\每日一题\每日一题\debug\day8.obj
e:\c语言\程序\sdada\每日一题\每日一题\debug\day9.obj
e:\c语言\程序\sdada\每日一题\debug\每日一题.ilk
e:\c语言\程序\sdada\每日一题\debug\每日一题.exe
e:\c语言\程序\sdada\每日一题\debug\每日一题.pdb
e:\c语言\程序\sdada\每日一题\每日一题\debug\每日一题.tlog\cl.command.1.tlog
e:\c语言\程序\sdada\每日一题\每日一题\debug\每日一题.tlog\cl.read.1.tlog
e:\c语言\程序\sdada\每日一题\每日一题\debug\每日一题.tlog\cl.write.1.tlog
e:\c语言\程序\sdada\每日一题\每日一题\debug\每日一题.tlog\link.command.1.tlog
e:\c语言\程序\sdada\每日一题\每日一题\debug\每日一题.tlog\link.read.1.tlog
e:\c语言\程序\sdada\每日一题\每日一题\debug\每日一题.tlog\link.write.1.tlog
