生成启动时间为 2020/1/24 13:42:51。
     1>项目“E:\C语言\程序\sdada\future\future\future.vcxproj”在节点 2 上(Build 个目标)。
     1>ClCompile:
         D:\Program Files (x86)\Microsoft Visual Studio 12.0\VC\bin\CL.exe /c /ZI /nologo /W3 /WX- /sdl /Od /Oy- /D _MBCS /Gm /EHsc /RTC1 /MDd /GS /fp:precise /Zc:wchar_t /Zc:forScope /Fo"Debug\\" /Fd"Debug\vc120.pdb" /Gd /TP /analyze- /errorReport:prompt day12.cpp
         day12.cpp
       Link:
         D:\Program Files (x86)\Microsoft Visual Studio 12.0\VC\bin\link.exe /ERRORREPORT:PROMPT /OUT:"E:\C语言\程序\sdada\future\Debug\future.exe" /INCREMENTAL /NOLOGO kernel32.lib user32.lib gdi32.lib winspool.lib comdlg32.lib advapi32.lib shell32.lib ole32.lib oleaut32.lib uuid.lib odbc32.lib odbccp32.lib /MANIFEST /MANIFESTUAC:"level='asInvoker' uiAccess='false'" /manifest:embed /DEBUG /PDB:"E:\C语言\程序\sdada\future\Debug\future.pdb" /TLBID:1 /DYNAMICBASE /NXCOMPAT /IMPLIB:"E:\C语言\程序\sdada\future\Debug\future.lib" /MACHINE:X86 Debug\day1.obj
         Debug\day10.obj
         Debug\day11.obj
         Debug\day12.obj
         Debug\day2.obj
         Debug\day3.obj
         Debug\day4.obj
         Debug\day5.obj
         Debug\day6.obj
         Debug\day7.obj
         Debug\day8.obj
         Debug\day9.obj
         future.vcxproj -> E:\C语言\程序\sdada\future\Debug\future.exe
     1>已完成生成项目“E:\C语言\程序\sdada\future\future\future.vcxproj”(Build 个目标)的操作。

生成成功。

已用时间 00:00:00.83
